<?xml version="1.0" encoding="UTF-8"?>
<!-- Generated by org.testng.reporters.JUnitXMLReporter -->
<testsuite ignored="0" hostname="DESKTOP-383AQQU" failures="1" tests="10" name="Test" time="26.515" errors="0" timestamp="2024-09-13T18:59:31 IST">
  <testcase classname="api.test.UserTests2" name="testPostUser" time="6.574">
    <failure type="java.lang.AssertionError" message="expected [2001] but found [200]">
      <![CDATA[java.lang.AssertionError: expected [2001] but found [200]
at api.test.UserTests2.testPostUser(UserTests2.java:47)
at java.base/java.util.ArrayList.forEach(ArrayList.java:1511)
... Removed 34 stack frames]]>
    </failure>
  </testcase> <!-- testPostUser -->
  <testcase classname="api.test.UserTests2" name="testGetUserByUsername" time="1.295"/>
  <testcase classname="api.test.UserTests2" name="testUpdateUser" time="2.526"/>
  <testcase classname="api.test.UserTests2" name="testDeleteUserByUsername" time="1.121"/>
  <testcase classname="api.test.DDTests" name="testPostUser" time="1.152"/>
  <testcase classname="api.test.DDTests" name="testPostUser" time="1.167"/>
  <testcase classname="api.test.DDTests" name="testPostUser" time="1.171"/>
  <testcase classname="api.test.DDTests" name="testDeleteUserByName" time="1.107"/>
  <testcase classname="api.test.DDTests" name="testDeleteUserByName" time="1.087"/>
  <testcase classname="api.test.DDTests" name="testDeleteUserByName" time="1.254"/>
</testsuite> <!-- Test -->
