<?xml version="1.0" encoding="UTF-8"?>
<!-- Generated by org.testng.reporters.JUnitXMLReporter -->
<testsuite ignored="3" hostname="DESKTOP-383AQQU" failures="0" tests="1" name="Test(failed)" time="8.69" errors="0" timestamp="2024-09-13T19:00:25 IST">
  <testcase classname="api.test.UserTests2" name="testPostUser" time="5.19"/>
  <testcase classname="api.test.UserTests2" name="testUpdateUser" time="0.0">
    <ignored/>
  </testcase> <!-- testUpdateUser -->
  <testcase classname="api.test.UserTests2" name="testDeleteUserByUsername" time="0.0">
    <ignored/>
  </testcase> <!-- testDeleteUserByUsername -->
  <testcase classname="api.test.UserTests2" name="testGetUserByUsername" time="0.0">
    <ignored/>
  </testcase> <!-- testGetUserByUsername -->
</testsuite> <!-- Test(failed) -->
