<?xml version="1.0" encoding="UTF-8"?>
<testng-results ignored="0" total="1" passed="1" failed="0" skipped="0">
  <reporter-output>
  </reporter-output>
  <suite started-at="2024-09-13T19:00:16 IST" name="Failed suite [Suite]" finished-at="2024-09-13T19:00:25 IST" duration-ms="8690">
    <groups>
    </groups>
    <test started-at="2024-09-13T19:00:16 IST" name="Test(failed)" finished-at="2024-09-13T19:00:25 IST" duration-ms="8690">
      <class name="api.test.UserTests2">
        <test-method is-config="true" signature="setUpData()[pri:0, instance:api.test.UserTests2@557caf28]" started-at="2024-09-13T19:00:17 IST" name="setUpData" finished-at="2024-09-13T19:00:19 IST" duration-ms="2134" status="PASS">
          <reporter-output>
          </reporter-output>
        </test-method> <!-- setUpData -->
        <test-method signature="testPostUser()[pri:1, instance:api.test.UserTests2@557caf28]" started-at="2024-09-13T19:00:19 IST" name="testPostUser" finished-at="2024-09-13T19:00:24 IST" duration-ms="5190" status="PASS">
          <reporter-output>
          </reporter-output>
        </test-method> <!-- testPostUser -->
      </class> <!-- api.test.UserTests2 -->
    </test> <!-- Test(failed) -->
  </suite> <!-- Failed suite [Suite] -->
</testng-results>
